<?xml version="1.0" encoding="UTF-8"?>
<!-- Generated by org.testng.reporters.JUnitReportReporter -->
<testsuite skipped="0" hostname="ATMECSINLT-087" name="com.konakart.KonakartParallelTesting.testscripts.TestNGRunner" tests="1" failures="0" timestamp="22 Oct 2019 15:14:19 GMT" time="385.729" errors="0">
  <testcase name="runTestFile" time="385.729" classname="com.konakart.KonakartParallelTesting.testscripts.TestNGRunner"/>
</testsuite> <!-- com.konakart.KonakartParallelTesting.testscripts.TestNGRunner -->
