<?xml version="1.0" encoding="UTF-8"?>
<!-- Generated by org.testng.reporters.JUnitReportReporter -->
<testsuite skipped="0" hostname="ATMECSINLT-087" name="com.konakart.KonakartParallelTesting.testscripts.HeroImageFunctionality" tests="10" failures="0" timestamp="23 Oct 2019 13:44:47 GMT" time="74.167" errors="0">
  <testcase name="heroImageSelect" time="5.153" classname="com.konakart.KonakartParallelTesting.testscripts.HeroImageFunctionality"/>
  <testcase name="heroImageSelect" time="5.151" classname="com.konakart.KonakartParallelTesting.testscripts.HeroImageFunctionality"/>
  <testcase name="heroImgContent" time="0.010" classname="com.konakart.KonakartParallelTesting.testscripts.HeroImageFunctionality"/>
  <testcase name="heroImgContent" time="0.855" classname="com.konakart.KonakartParallelTesting.testscripts.HeroImageFunctionality"/>
  <testcase name="heroImgContent" time="0.014" classname="com.konakart.KonakartParallelTesting.testscripts.HeroImageFunctionality"/>
  <testcase name="heroImgContent" time="0.605" classname="com.konakart.KonakartParallelTesting.testscripts.HeroImageFunctionality"/>
  <testcase name="heroImgSortingDateFunctionality" time="15.415" classname="com.konakart.KonakartParallelTesting.testscripts.HeroImageFunctionality"/>
  <testcase name="heroImgSortingDateFunctionality" time="14.115" classname="com.konakart.KonakartParallelTesting.testscripts.HeroImageFunctionality"/>
  <testcase name="heroImgSortingRatingFunctionality" time="15.889" classname="com.konakart.KonakartParallelTesting.testscripts.HeroImageFunctionality"/>
  <testcase name="heroImgSortingRatingFunctionality" time="16.960" classname="com.konakart.KonakartParallelTesting.testscripts.HeroImageFunctionality"/>
</testsuite> <!-- com.konakart.KonakartParallelTesting.testscripts.HeroImageFunctionality -->
