<?xml version="1.0" encoding="UTF-8"?>
<!-- Generated by org.testng.reporters.JUnitReportReporter -->
<testsuite skipped="0" hostname="ATMECSINLT-087" name="com.konakart.KonakartParallelTesting.testscripts.HomePageSearchBoxFunctionality" tests="2" failures="0" timestamp="23 Oct 2019 13:50:50 GMT" time="15.862" errors="0">
  <testcase name="searchBox" time="7.245" classname="com.konakart.KonakartParallelTesting.testscripts.HomePageSearchBoxFunctionality"/>
  <testcase name="searchBox" time="8.617" classname="com.konakart.KonakartParallelTesting.testscripts.HomePageSearchBoxFunctionality"/>
</testsuite> <!-- com.konakart.KonakartParallelTesting.testscripts.HomePageSearchBoxFunctionality -->
