<?xml version="1.0" encoding="UTF-8"?>
<!-- Generated by org.testng.reporters.JUnitReportReporter -->
<testsuite skipped="0" hostname="ATMECSINLT-087" name="com.konakart.KonakartParallelTesting.testscripts.TestNGRunner" tests="4" failures="0" timestamp="23 Oct 2019 11:08:33 GMT" time="157.411" errors="0">
  <testcase name="runTestFile" time="28.671" classname="com.konakart.KonakartParallelTesting.testscripts.TestNGRunner"/>
  <testcase name="runTestFile" time="26.199" classname="com.konakart.KonakartParallelTesting.testscripts.TestNGRunner"/>
  <testcase name="runTestFile" time="55.636" classname="com.konakart.KonakartParallelTesting.testscripts.TestNGRunner"/>
  <testcase name="runTestFile" time="46.905" classname="com.konakart.KonakartParallelTesting.testscripts.TestNGRunner"/>
</testsuite> <!-- com.konakart.KonakartParallelTesting.testscripts.TestNGRunner -->
