<?xml version="1.0" encoding="UTF-8"?>
<!-- Generated by org.testng.reporters.JUnitReportReporter -->
<testsuite skipped="0" hostname="ATMECSINLT-087" name="com.konakart.KonakartParallelTesting.testscripts.HeroImageFunctionality" tests="5" failures="0" timestamp="30 Oct 2019 09:06:30 GMT" time="43.790" errors="0">
  <testcase name="heroImageSelect" time="11.051" classname="com.konakart.KonakartParallelTesting.testscripts.HeroImageFunctionality"/>
  <testcase name="heroImgContent" time="7.556" classname="com.konakart.KonakartParallelTesting.testscripts.HeroImageFunctionality"/>
  <testcase name="heroImgContent" time="1.457" classname="com.konakart.KonakartParallelTesting.testscripts.HeroImageFunctionality"/>
  <testcase name="heroImgSortingDateFunctionality" time="12.597" classname="com.konakart.KonakartParallelTesting.testscripts.HeroImageFunctionality"/>
  <testcase name="heroImgSortingRatingFunctionality" time="11.129" classname="com.konakart.KonakartParallelTesting.testscripts.HeroImageFunctionality"/>
</testsuite> <!-- com.konakart.KonakartParallelTesting.testscripts.HeroImageFunctionality -->
