<?xml version="1.0" encoding="UTF-8"?>
<!-- Generated by org.testng.reporters.JUnitReportReporter -->
<testsuite skipped="0" hostname="ATMECSINLT-087" name="com.konakart.KonakartParallelTesting.testscripts.DynamicXML" tests="6" failures="0" timestamp="02 Nov 2019 07:17:22 GMT" time="29.188" errors="0">
  <testcase name="runTestFile" time="0.003" classname="com.konakart.KonakartParallelTesting.testscripts.DynamicXML"/>
  <testcase name="runTestFile" time="0.018" classname="com.konakart.KonakartParallelTesting.testscripts.DynamicXML"/>
  <testcase name="runTestFile" time="0.005" classname="com.konakart.KonakartParallelTesting.testscripts.DynamicXML"/>
  <testcase name="runTestFile" time="29.155" classname="com.konakart.KonakartParallelTesting.testscripts.DynamicXML"/>
  <testcase name="runTestFile" time="0.003" classname="com.konakart.KonakartParallelTesting.testscripts.DynamicXML"/>
  <testcase name="runTestFile" time="0.004" classname="com.konakart.KonakartParallelTesting.testscripts.DynamicXML"/>
</testsuite> <!-- com.konakart.KonakartParallelTesting.testscripts.DynamicXML -->
