<?xml version="1.0" encoding="UTF-8"?>
<!-- Generated by org.testng.reporters.JUnitReportReporter -->
<testsuite skipped="0" hostname="ATMECSINLT-087" name="com.konakart.KonakartParallelTesting.testscripts.HomePageSearchBoxFunctionality" tests="1" failures="0" timestamp="24 Oct 2019 09:51:14 GMT" time="11.091" errors="0">
  <testcase name="searchBox" time="11.091" classname="com.konakart.KonakartParallelTesting.testscripts.HomePageSearchBoxFunctionality"/>
</testsuite> <!-- com.konakart.KonakartParallelTesting.testscripts.HomePageSearchBoxFunctionality -->
