<?xml version="1.0" encoding="UTF-8"?>
<!-- Generated by org.testng.reporters.JUnitReportReporter -->
<testsuite skipped="0" hostname="ATMECSINLT-087" name="com.konakart.KonakartParallelTesting.testscripts.PriceSlideBarFunctionality" tests="4" failures="0" timestamp="24 Oct 2019 09:58:14 GMT" time="29.673" errors="0">
  <testcase name="priceSlideBar" time="6.881" classname="com.konakart.KonakartParallelTesting.testscripts.PriceSlideBarFunctionality"/>
  <testcase name="priceSlideBar" time="6.358" classname="com.konakart.KonakartParallelTesting.testscripts.PriceSlideBarFunctionality"/>
  <testcase name="priceSlideBar" time="6.804" classname="com.konakart.KonakartParallelTesting.testscripts.PriceSlideBarFunctionality"/>
  <testcase name="priceSlideBar" time="9.630" classname="com.konakart.KonakartParallelTesting.testscripts.PriceSlideBarFunctionality"/>
</testsuite> <!-- com.konakart.KonakartParallelTesting.testscripts.PriceSlideBarFunctionality -->
