<?xml version="1.0" encoding="UTF-8"?>
<!-- Generated by org.testng.reporters.JUnitReportReporter -->
<testsuite skipped="0" hostname="ATMECSINLT-087" name="com.konakart.KonakartParallelTesting.testscripts.ComuterPeripheralsFunctionality" tests="3" failures="0" timestamp="02 Nov 2019 07:17:22 GMT" time="7.185" errors="0">
  <testcase name="searchBoxWithoutSearchOption" time="2.839" classname="com.konakart.KonakartParallelTesting.testscripts.ComuterPeripheralsFunctionality"/>
  <testcase name="searchBoxWithSearchOption" time="3.984" classname="com.konakart.KonakartParallelTesting.testscripts.ComuterPeripheralsFunctionality"/>
  <testcase name="productDetailsVerify" time="0.362" classname="com.konakart.KonakartParallelTesting.testscripts.ComuterPeripheralsFunctionality"/>
</testsuite> <!-- com.konakart.KonakartParallelTesting.testscripts.ComuterPeripheralsFunctionality -->
