<?xml version="1.0" encoding="UTF-8"?>
<!-- Generated by org.testng.reporters.JUnitReportReporter -->
<testsuite skipped="0" hostname="ATMECSINLT-087" name="com.konakart.KonakartParallelTesting.testscripts.AppTest" tests="1" failures="0" timestamp="11 Oct 2019 13:40:42 GMT" time="0.485" errors="0">
  <testcase name="apptest" time="0.485" classname="com.konakart.KonakartParallelTesting.testscripts.AppTest"/>
</testsuite> <!-- com.konakart.KonakartParallelTesting.testscripts.AppTest -->
