<?xml version="1.0" encoding="UTF-8"?>
<!-- Generated by org.testng.reporters.JUnitReportReporter -->
<testsuite skipped="0" hostname="ATMECSINLT-087" name="com.konakart.KonakartParallelTesting.testscripts.PriceSlideBarFunctionality" tests="8" failures="0" timestamp="23 Oct 2019 13:51:40 GMT" time="58.502" errors="0">
  <testcase name="priceSlideBar" time="6.744" classname="com.konakart.KonakartParallelTesting.testscripts.PriceSlideBarFunctionality"/>
  <testcase name="priceSlideBar" time="6.549" classname="com.konakart.KonakartParallelTesting.testscripts.PriceSlideBarFunctionality"/>
  <testcase name="priceSlideBar" time="8.554" classname="com.konakart.KonakartParallelTesting.testscripts.PriceSlideBarFunctionality"/>
  <testcase name="priceSlideBar" time="7.934" classname="com.konakart.KonakartParallelTesting.testscripts.PriceSlideBarFunctionality"/>
  <testcase name="priceSlideBar" time="6.586" classname="com.konakart.KonakartParallelTesting.testscripts.PriceSlideBarFunctionality"/>
  <testcase name="priceSlideBar" time="9.542" classname="com.konakart.KonakartParallelTesting.testscripts.PriceSlideBarFunctionality"/>
  <testcase name="priceSlideBar" time="6.539" classname="com.konakart.KonakartParallelTesting.testscripts.PriceSlideBarFunctionality"/>
  <testcase name="priceSlideBar" time="6.054" classname="com.konakart.KonakartParallelTesting.testscripts.PriceSlideBarFunctionality"/>
</testsuite> <!-- com.konakart.KonakartParallelTesting.testscripts.PriceSlideBarFunctionality -->
