<?xml version="1.0" encoding="UTF-8"?>
<!-- Generated by org.testng.reporters.JUnitReportReporter -->
<testsuite skipped="0" hostname="ATMECSINLT-087" name="com.konakart.KonakartParallelTesting.testscripts.TableTest" tests="1" failures="0" timestamp="25 Oct 2019 12:58:47 GMT" time="15.809" errors="0">
  <testcase name="test" time="15.809" classname="com.konakart.KonakartParallelTesting.testscripts.TableTest"/>
</testsuite> <!-- com.konakart.KonakartParallelTesting.testscripts.TableTest -->
