<?xml version="1.0" encoding="UTF-8"?>
<!-- Generated by org.testng.reporters.JUnitReportReporter -->
<testsuite skipped="0" hostname="ATMECSINLT-087" name="com.konakart.KonakartParallelTesting.testscripts.DynamicXML" tests="5" failures="0" timestamp="25 Oct 2019 12:58:48 GMT" time="55.185" errors="0">
  <testcase name="runTestFile" time="0.005" classname="com.konakart.KonakartParallelTesting.testscripts.DynamicXML"/>
  <testcase name="runTestFile" time="0.021" classname="com.konakart.KonakartParallelTesting.testscripts.DynamicXML"/>
  <testcase name="runTestFile" time="0.004" classname="com.konakart.KonakartParallelTesting.testscripts.DynamicXML"/>
  <testcase name="runTestFile" time="0.005" classname="com.konakart.KonakartParallelTesting.testscripts.DynamicXML"/>
  <testcase name="runTestFile" time="55.150" classname="com.konakart.KonakartParallelTesting.testscripts.DynamicXML"/>
</testsuite> <!-- com.konakart.KonakartParallelTesting.testscripts.DynamicXML -->
